160716 11:16:52 [Note] Plugin 'FEDERATED' is disabled.
160716 11:16:52 InnoDB: The InnoDB memory heap is disabled
160716 11:16:52 InnoDB: Mutexes and rw_locks use Windows interlocked functions
160716 11:16:52 InnoDB: Compressed tables use zlib 1.2.3
160716 11:16:52 InnoDB: Initializing buffer pool, size = 128.0M
160716 11:16:52 InnoDB: Completed initialization of buffer pool
InnoDB: The first specified data file .\ibdata1 did not exist:
InnoDB: a new database to be created!
160716 11:16:52  InnoDB: Setting file .\ibdata1 size to 10 MB
InnoDB: Database physically writes the file full: wait...
160716 11:16:53  InnoDB: Log file .\ib_logfile0 did not exist: new to be created
InnoDB: Setting log file .\ib_logfile0 size to 5 MB
InnoDB: Database physically writes the file full: wait...
160716 11:16:53  InnoDB: Log file .\ib_logfile1 did not exist: new to be created
InnoDB: Setting log file .\ib_logfile1 size to 5 MB
InnoDB: Database physically writes the file full: wait...
InnoDB: Doublewrite buffer not found: creating new
InnoDB: Doublewrite buffer created
InnoDB: 127 rollback segment(s) active.
InnoDB: Creating foreign key constraint system tables
InnoDB: Foreign key constraint system tables created
160716 11:16:54  InnoDB: Waiting for the background threads to start
160716 11:17:18 [Note] Plugin 'FEDERATED' is disabled.
160716 11:17:18 InnoDB: The InnoDB memory heap is disabled
160716 11:17:18 InnoDB: Mutexes and rw_locks use Windows interlocked functions
160716 11:17:18 InnoDB: Compressed tables use zlib 1.2.3
160716 11:17:18 InnoDB: Initializing buffer pool, size = 128.0M
160716 11:17:18 InnoDB: Completed initialization of buffer pool
160716 11:17:18 InnoDB: highest supported file format is Barracuda.
InnoDB: Log scan progressed past the checkpoint lsn 48941
160716 11:17:19  InnoDB: Database was not shut down normally!
InnoDB: Starting crash recovery.
InnoDB: Reading tablespace information from the .ibd files...
InnoDB: Restoring possible half-written data pages from the doublewrite
InnoDB: buffer...
InnoDB: Doing recovery: scanned up to log sequence number 1595675
160716 11:17:19  InnoDB: Starting an apply batch of log records to the database...
InnoDB: Progress in percents: 17 18 19 20 21 22 23 24 25 26 27 28 29 30 31 32 33 34 35 36 37 38 39 40 41 42 43 44 45 46 47 48 49 50 51 52 53 54 55 56 57 58 59 60 61 62 63 64 65 66 67 68 69 70 71 72 73 74 75 76 77 78 79 80 81 82 83 84 85 86 87 88 89 90 91 92 93 94 95 96 97 98 99 
InnoDB: Apply batch completed
160716 11:17:19  InnoDB: Waiting for the background threads to start
160716 11:17:20 InnoDB: 1.1.8 started; log sequence number 1595675
160716 11:17:20 [Note] Server hostname (bind-address): '127.0.0.1'; port: 3306
160716 11:17:20 [Note]   - '127.0.0.1' resolves to '127.0.0.1';
160716 11:17:20 [Note] Server socket created on IP: '127.0.0.1'.
160716 11:17:20 [Note] Event Scheduler: Loaded 0 events
160716 11:17:20 [Note] \usr\local\mysql-5.5\bin\mysqld.exe: ready for connections.
Version: '5.5.25'  socket: ''  port: 3306  MySQL Community Server (GPL)
160717 13:10:14 [Note] Plugin 'FEDERATED' is disabled.
160717 13:10:14 InnoDB: The InnoDB memory heap is disabled
160717 13:10:14 InnoDB: Mutexes and rw_locks use Windows interlocked functions
160717 13:10:14 InnoDB: Compressed tables use zlib 1.2.3
160717 13:10:14 InnoDB: Initializing buffer pool, size = 128.0M
160717 13:10:14 InnoDB: Completed initialization of buffer pool
160717 13:10:14 InnoDB: highest supported file format is Barracuda.
InnoDB: The log sequence number in ibdata files does not match
InnoDB: the log sequence number in the ib_logfiles!
160717 13:10:14  InnoDB: Database was not shut down normally!
InnoDB: Starting crash recovery.
InnoDB: Reading tablespace information from the .ibd files...
InnoDB: Restoring possible half-written data pages from the doublewrite
InnoDB: buffer...
160717 13:10:15  InnoDB: Waiting for the background threads to start
160717 13:10:16 InnoDB: 1.1.8 started; log sequence number 1595675
160717 13:10:16 [Note] Server hostname (bind-address): '127.0.0.1'; port: 3306
160717 13:10:17 [Note]   - '127.0.0.1' resolves to '127.0.0.1';
160717 13:10:17 [Note] Server socket created on IP: '127.0.0.1'.
160717 13:10:18 [Note] Event Scheduler: Loaded 0 events
160717 13:10:18 [Note] \usr\local\mysql-5.5\bin\mysqld.exe: ready for connections.
Version: '5.5.25'  socket: ''  port: 3306  MySQL Community Server (GPL)
160718  1:33:54 [Note] Plugin 'FEDERATED' is disabled.
160718  1:33:55 InnoDB: The InnoDB memory heap is disabled
160718  1:33:55 InnoDB: Mutexes and rw_locks use Windows interlocked functions
160718  1:33:55 InnoDB: Compressed tables use zlib 1.2.3
160718  1:33:55 InnoDB: Initializing buffer pool, size = 128.0M
160718  1:33:55 InnoDB: Completed initialization of buffer pool
160718  1:33:55 InnoDB: highest supported file format is Barracuda.
InnoDB: The log sequence number in ibdata files does not match
InnoDB: the log sequence number in the ib_logfiles!
160718  1:33:55  InnoDB: Database was not shut down normally!
InnoDB: Starting crash recovery.
InnoDB: Reading tablespace information from the .ibd files...
InnoDB: Restoring possible half-written data pages from the doublewrite
InnoDB: buffer...
160718  1:33:56  InnoDB: Waiting for the background threads to start
160718  1:33:57 InnoDB: 1.1.8 started; log sequence number 1595675
160718  1:33:57 [Note] Server hostname (bind-address): '127.0.0.1'; port: 3306
160718  1:33:57 [Note]   - '127.0.0.1' resolves to '127.0.0.1';
160718  1:33:57 [Note] Server socket created on IP: '127.0.0.1'.
160718  1:33:58 [Note] Event Scheduler: Loaded 0 events
160718  1:33:58 [Note] \usr\local\mysql-5.5\bin\mysqld.exe: ready for connections.
Version: '5.5.25'  socket: ''  port: 3306  MySQL Community Server (GPL)
160718  1:35:23 [Note] Plugin 'FEDERATED' is disabled.
160718  1:35:23 InnoDB: The InnoDB memory heap is disabled
160718  1:35:23 InnoDB: Mutexes and rw_locks use Windows interlocked functions
160718  1:35:23 InnoDB: Compressed tables use zlib 1.2.3
160718  1:35:23 InnoDB: Initializing buffer pool, size = 128.0M
160718  1:35:23 InnoDB: Completed initialization of buffer pool
160718  1:35:23 InnoDB: highest supported file format is Barracuda.
InnoDB: The log sequence number in ibdata files does not match
InnoDB: the log sequence number in the ib_logfiles!
160718  1:35:23  InnoDB: Database was not shut down normally!
InnoDB: Starting crash recovery.
InnoDB: Reading tablespace information from the .ibd files...
InnoDB: Restoring possible half-written data pages from the doublewrite
InnoDB: buffer...
160718  1:35:23  InnoDB: Waiting for the background threads to start
160718  1:35:24 InnoDB: 1.1.8 started; log sequence number 1595675
160718  1:35:24 [Note] Server hostname (bind-address): '127.0.0.1'; port: 3306
160718  1:35:24 [Note]   - '127.0.0.1' resolves to '127.0.0.1';
160718  1:35:24 [Note] Server socket created on IP: '127.0.0.1'.
160718  1:35:24 [Note] Event Scheduler: Loaded 0 events
160718  1:35:24 [Note] \usr\local\mysql-5.5\bin\mysqld.exe: ready for connections.
Version: '5.5.25'  socket: ''  port: 3306  MySQL Community Server (GPL)
160719 19:24:14 [Note] Plugin 'FEDERATED' is disabled.
160719 19:24:14 InnoDB: The InnoDB memory heap is disabled
160719 19:24:14 InnoDB: Mutexes and rw_locks use Windows interlocked functions
160719 19:24:14 InnoDB: Compressed tables use zlib 1.2.3
160719 19:24:14 InnoDB: Initializing buffer pool, size = 128.0M
160719 19:24:14 InnoDB: Completed initialization of buffer pool
160719 19:24:14 InnoDB: highest supported file format is Barracuda.
InnoDB: The log sequence number in ibdata files does not match
InnoDB: the log sequence number in the ib_logfiles!
160719 19:24:14  InnoDB: Database was not shut down normally!
InnoDB: Starting crash recovery.
InnoDB: Reading tablespace information from the .ibd files...
InnoDB: Restoring possible half-written data pages from the doublewrite
InnoDB: buffer...
160719 19:24:16  InnoDB: Waiting for the background threads to start
160719 19:24:17 InnoDB: 1.1.8 started; log sequence number 1597872
160719 19:24:17 [Note] Server hostname (bind-address): '127.0.0.1'; port: 3306
160719 19:24:17 [Note]   - '127.0.0.1' resolves to '127.0.0.1';
160719 19:24:17 [Note] Server socket created on IP: '127.0.0.1'.
160719 19:24:17 [Note] Event Scheduler: Loaded 0 events
160719 19:24:17 [Note] \usr\local\mysql-5.5\bin\mysqld.exe: ready for connections.
Version: '5.5.25'  socket: ''  port: 3306  MySQL Community Server (GPL)
160721 17:55:11 [Note] Plugin 'FEDERATED' is disabled.
160721 17:55:12 InnoDB: The InnoDB memory heap is disabled
160721 17:55:12 InnoDB: Mutexes and rw_locks use Windows interlocked functions
160721 17:55:12 InnoDB: Compressed tables use zlib 1.2.3
160721 17:55:12 InnoDB: Initializing buffer pool, size = 128.0M
160721 17:55:12 InnoDB: Completed initialization of buffer pool
160721 17:55:12 InnoDB: highest supported file format is Barracuda.
InnoDB: The log sequence number in ibdata files does not match
InnoDB: the log sequence number in the ib_logfiles!
160721 17:55:13  InnoDB: Database was not shut down normally!
InnoDB: Starting crash recovery.
InnoDB: Reading tablespace information from the .ibd files...
InnoDB: Restoring possible half-written data pages from the doublewrite
InnoDB: buffer...
160721 17:55:15  InnoDB: Waiting for the background threads to start
160721 17:55:16 InnoDB: 1.1.8 started; log sequence number 1597872
160721 17:55:16 [Note] Server hostname (bind-address): '127.0.0.1'; port: 3306
160721 17:55:16 [Note]   - '127.0.0.1' resolves to '127.0.0.1';
160721 17:55:16 [Note] Server socket created on IP: '127.0.0.1'.
160721 17:55:16 [Note] Event Scheduler: Loaded 0 events
160721 17:55:16 [Note] \usr\local\mysql-5.5\bin\mysqld.exe: ready for connections.
Version: '5.5.25'  socket: ''  port: 3306  MySQL Community Server (GPL)
160722 18:19:44 [Note] Plugin 'FEDERATED' is disabled.
160722 18:19:44 InnoDB: The InnoDB memory heap is disabled
160722 18:19:44 InnoDB: Mutexes and rw_locks use Windows interlocked functions
160722 18:19:44 InnoDB: Compressed tables use zlib 1.2.3
160722 18:19:44 InnoDB: Initializing buffer pool, size = 128.0M
160722 18:19:44 InnoDB: Completed initialization of buffer pool
160722 18:19:44 InnoDB: highest supported file format is Barracuda.
InnoDB: The log sequence number in ibdata files does not match
InnoDB: the log sequence number in the ib_logfiles!
160722 18:19:44  InnoDB: Database was not shut down normally!
InnoDB: Starting crash recovery.
InnoDB: Reading tablespace information from the .ibd files...
InnoDB: Restoring possible half-written data pages from the doublewrite
InnoDB: buffer...
160722 18:19:46  InnoDB: Waiting for the background threads to start
160722 18:19:47 InnoDB: 1.1.8 started; log sequence number 1599511
160722 18:19:47 [Note] Server hostname (bind-address): '127.0.0.1'; port: 3306
160722 18:19:47 [Note]   - '127.0.0.1' resolves to '127.0.0.1';
160722 18:19:47 [Note] Server socket created on IP: '127.0.0.1'.
160722 18:19:47 [Note] Event Scheduler: Loaded 0 events
160722 18:19:47 [Note] \usr\local\mysql-5.5\bin\mysqld.exe: ready for connections.
Version: '5.5.25'  socket: ''  port: 3306  MySQL Community Server (GPL)
160723 11:02:24 [Note] Plugin 'FEDERATED' is disabled.
160723 11:02:24 InnoDB: The InnoDB memory heap is disabled
160723 11:02:24 InnoDB: Mutexes and rw_locks use Windows interlocked functions
160723 11:02:24 InnoDB: Compressed tables use zlib 1.2.3
160723 11:02:24 InnoDB: Initializing buffer pool, size = 128.0M
160723 11:02:24 InnoDB: Completed initialization of buffer pool
160723 11:02:24 InnoDB: highest supported file format is Barracuda.
InnoDB: The log sequence number in ibdata files does not match
InnoDB: the log sequence number in the ib_logfiles!
160723 11:02:25  InnoDB: Database was not shut down normally!
InnoDB: Starting crash recovery.
InnoDB: Reading tablespace information from the .ibd files...
InnoDB: Restoring possible half-written data pages from the doublewrite
InnoDB: buffer...
160723 11:02:25  InnoDB: Waiting for the background threads to start
160723 11:02:26 InnoDB: 1.1.8 started; log sequence number 1599511
160723 11:02:26 [Note] Server hostname (bind-address): '127.0.0.1'; port: 3306
160723 11:02:26 [Note]   - '127.0.0.1' resolves to '127.0.0.1';
160723 11:02:26 [Note] Server socket created on IP: '127.0.0.1'.
160723 11:02:27 [Note] Event Scheduler: Loaded 0 events
160723 11:02:27 [Note] \usr\local\mysql-5.5\bin\mysqld.exe: ready for connections.
Version: '5.5.25'  socket: ''  port: 3306  MySQL Community Server (GPL)
160724 13:03:37 [Note] Plugin 'FEDERATED' is disabled.
160724 13:03:37 InnoDB: The InnoDB memory heap is disabled
160724 13:03:37 InnoDB: Mutexes and rw_locks use Windows interlocked functions
160724 13:03:37 InnoDB: Compressed tables use zlib 1.2.3
160724 13:03:37 InnoDB: Initializing buffer pool, size = 128.0M
160724 13:03:37 InnoDB: Completed initialization of buffer pool
160724 13:03:37 InnoDB: highest supported file format is Barracuda.
InnoDB: The log sequence number in ibdata files does not match
InnoDB: the log sequence number in the ib_logfiles!
160724 13:03:37  InnoDB: Database was not shut down normally!
InnoDB: Starting crash recovery.
InnoDB: Reading tablespace information from the .ibd files...
InnoDB: Restoring possible half-written data pages from the doublewrite
InnoDB: buffer...
160724 13:03:39  InnoDB: Waiting for the background threads to start
160724 13:03:40 InnoDB: 1.1.8 started; log sequence number 1599511
160724 13:03:40 [Note] Server hostname (bind-address): '127.0.0.1'; port: 3306
160724 13:03:40 [Note]   - '127.0.0.1' resolves to '127.0.0.1';
160724 13:03:40 [Note] Server socket created on IP: '127.0.0.1'.
160724 13:03:41 [Note] Event Scheduler: Loaded 0 events
160724 13:03:41 [Note] \usr\local\mysql-5.5\bin\mysqld.exe: ready for connections.
Version: '5.5.25'  socket: ''  port: 3306  MySQL Community Server (GPL)
160724 23:20:40 [Note] Plugin 'FEDERATED' is disabled.
160724 23:20:40 InnoDB: The InnoDB memory heap is disabled
160724 23:20:40 InnoDB: Mutexes and rw_locks use Windows interlocked functions
160724 23:20:40 InnoDB: Compressed tables use zlib 1.2.3
160724 23:20:40 InnoDB: Initializing buffer pool, size = 128.0M
160724 23:20:40 InnoDB: Completed initialization of buffer pool
160724 23:20:40 InnoDB: highest supported file format is Barracuda.
InnoDB: The log sequence number in ibdata files does not match
InnoDB: the log sequence number in the ib_logfiles!
160724 23:20:40  InnoDB: Database was not shut down normally!
InnoDB: Starting crash recovery.
InnoDB: Reading tablespace information from the .ibd files...
InnoDB: Restoring possible half-written data pages from the doublewrite
InnoDB: buffer...
160724 23:20:41  InnoDB: Waiting for the background threads to start
160724 23:20:42 InnoDB: 1.1.8 started; log sequence number 1599511
160724 23:20:42 [Note] Server hostname (bind-address): '127.0.0.1'; port: 3306
160724 23:20:42 [Note]   - '127.0.0.1' resolves to '127.0.0.1';
160724 23:20:42 [Note] Server socket created on IP: '127.0.0.1'.
160724 23:20:43 [Note] Event Scheduler: Loaded 0 events
160724 23:20:43 [Note] \usr\local\mysql-5.5\bin\mysqld.exe: ready for connections.
Version: '5.5.25'  socket: ''  port: 3306  MySQL Community Server (GPL)
160724 23:21:47 [Note] Plugin 'FEDERATED' is disabled.
160724 23:21:47 InnoDB: The InnoDB memory heap is disabled
160724 23:21:47 InnoDB: Mutexes and rw_locks use Windows interlocked functions
160724 23:21:47 InnoDB: Compressed tables use zlib 1.2.3
160724 23:21:47 InnoDB: Initializing buffer pool, size = 128.0M
160724 23:21:47 InnoDB: Completed initialization of buffer pool
160724 23:21:47 InnoDB: highest supported file format is Barracuda.
InnoDB: The log sequence number in ibdata files does not match
InnoDB: the log sequence number in the ib_logfiles!
160724 23:21:47  InnoDB: Database was not shut down normally!
InnoDB: Starting crash recovery.
InnoDB: Reading tablespace information from the .ibd files...
InnoDB: Restoring possible half-written data pages from the doublewrite
InnoDB: buffer...
160724 23:21:47  InnoDB: Waiting for the background threads to start
160724 23:21:48 InnoDB: 1.1.8 started; log sequence number 1599511
160724 23:21:48 [Note] Server hostname (bind-address): '127.0.0.1'; port: 3306
160724 23:21:48 [Note]   - '127.0.0.1' resolves to '127.0.0.1';
160724 23:21:48 [Note] Server socket created on IP: '127.0.0.1'.
160724 23:21:48 [Note] Event Scheduler: Loaded 0 events
160724 23:21:48 [Note] \usr\local\mysql-5.5\bin\mysqld.exe: ready for connections.
Version: '5.5.25'  socket: ''  port: 3306  MySQL Community Server (GPL)
160724 23:22:30 [Note] Plugin 'FEDERATED' is disabled.
160724 23:22:30 InnoDB: The InnoDB memory heap is disabled
160724 23:22:30 InnoDB: Mutexes and rw_locks use Windows interlocked functions
160724 23:22:30 InnoDB: Compressed tables use zlib 1.2.3
160724 23:22:30 InnoDB: Initializing buffer pool, size = 128.0M
160724 23:22:30 InnoDB: Completed initialization of buffer pool
160724 23:22:30 InnoDB: highest supported file format is Barracuda.
InnoDB: The log sequence number in ibdata files does not match
InnoDB: the log sequence number in the ib_logfiles!
160724 23:22:30  InnoDB: Database was not shut down normally!
InnoDB: Starting crash recovery.
InnoDB: Reading tablespace information from the .ibd files...
InnoDB: Restoring possible half-written data pages from the doublewrite
InnoDB: buffer...
160724 23:22:30  InnoDB: Waiting for the background threads to start
160724 23:22:31 InnoDB: 1.1.8 started; log sequence number 1599511
160724 23:22:31 [Note] Server hostname (bind-address): '127.0.0.1'; port: 3306
160724 23:22:31 [Note]   - '127.0.0.1' resolves to '127.0.0.1';
160724 23:22:31 [Note] Server socket created on IP: '127.0.0.1'.
160724 23:22:31 [Note] Event Scheduler: Loaded 0 events
160724 23:22:31 [Note] \usr\local\mysql-5.5\bin\mysqld.exe: ready for connections.
Version: '5.5.25'  socket: ''  port: 3306  MySQL Community Server (GPL)
160724 23:24:59 [Note] Plugin 'FEDERATED' is disabled.
160724 23:24:59 InnoDB: The InnoDB memory heap is disabled
160724 23:24:59 InnoDB: Mutexes and rw_locks use Windows interlocked functions
160724 23:24:59 InnoDB: Compressed tables use zlib 1.2.3
160724 23:24:59 InnoDB: Initializing buffer pool, size = 128.0M
160724 23:24:59 InnoDB: Completed initialization of buffer pool
160724 23:24:59 InnoDB: highest supported file format is Barracuda.
InnoDB: The log sequence number in ibdata files does not match
InnoDB: the log sequence number in the ib_logfiles!
160724 23:24:59  InnoDB: Database was not shut down normally!
InnoDB: Starting crash recovery.
InnoDB: Reading tablespace information from the .ibd files...
InnoDB: Restoring possible half-written data pages from the doublewrite
InnoDB: buffer...
160724 23:24:59  InnoDB: Waiting for the background threads to start
160724 23:25:00 InnoDB: 1.1.8 started; log sequence number 1599511
160724 23:25:00 [Note] Server hostname (bind-address): '127.0.0.1'; port: 3306
160724 23:25:00 [Note]   - '127.0.0.1' resolves to '127.0.0.1';
160724 23:25:00 [Note] Server socket created on IP: '127.0.0.1'.
160724 23:25:00 [Note] Event Scheduler: Loaded 0 events
160724 23:25:00 [Note] \usr\local\mysql-5.5\bin\mysqld.exe: ready for connections.
Version: '5.5.25'  socket: ''  port: 3306  MySQL Community Server (GPL)
160724 23:39:01 [Note] Plugin 'FEDERATED' is disabled.
160724 23:39:01 InnoDB: The InnoDB memory heap is disabled
160724 23:39:01 InnoDB: Mutexes and rw_locks use Windows interlocked functions
160724 23:39:01 InnoDB: Compressed tables use zlib 1.2.3
160724 23:39:01 InnoDB: Initializing buffer pool, size = 128.0M
160724 23:39:01 InnoDB: Completed initialization of buffer pool
160724 23:39:01 InnoDB: highest supported file format is Barracuda.
InnoDB: The log sequence number in ibdata files does not match
InnoDB: the log sequence number in the ib_logfiles!
160724 23:39:01  InnoDB: Database was not shut down normally!
InnoDB: Starting crash recovery.
InnoDB: Reading tablespace information from the .ibd files...
InnoDB: Restoring possible half-written data pages from the doublewrite
InnoDB: buffer...
160724 23:39:01  InnoDB: Waiting for the background threads to start
160724 23:39:02 InnoDB: 1.1.8 started; log sequence number 1599511
160724 23:39:02 [Note] Server hostname (bind-address): '127.0.0.1'; port: 3306
160724 23:39:02 [Note]   - '127.0.0.1' resolves to '127.0.0.1';
160724 23:39:02 [Note] Server socket created on IP: '127.0.0.1'.
160724 23:39:03 [Note] Event Scheduler: Loaded 0 events
160724 23:39:03 [Note] \usr\local\mysql-5.5\bin\mysqld.exe: ready for connections.
Version: '5.5.25'  socket: ''  port: 3306  MySQL Community Server (GPL)
160725 11:26:20 [Note] Plugin 'FEDERATED' is disabled.
160725 11:26:21 InnoDB: The InnoDB memory heap is disabled
160725 11:26:21 InnoDB: Mutexes and rw_locks use Windows interlocked functions
160725 11:26:21 InnoDB: Compressed tables use zlib 1.2.3
160725 11:26:21 InnoDB: Initializing buffer pool, size = 128.0M
160725 11:26:21 InnoDB: Completed initialization of buffer pool
160725 11:26:21 InnoDB: highest supported file format is Barracuda.
InnoDB: The log sequence number in ibdata files does not match
InnoDB: the log sequence number in the ib_logfiles!
160725 11:26:21  InnoDB: Database was not shut down normally!
InnoDB: Starting crash recovery.
InnoDB: Reading tablespace information from the .ibd files...
InnoDB: Restoring possible half-written data pages from the doublewrite
InnoDB: buffer...
160725 11:26:22  InnoDB: Waiting for the background threads to start
160725 11:26:23 InnoDB: 1.1.8 started; log sequence number 1599511
160725 11:26:23 [Note] Server hostname (bind-address): '127.0.0.1'; port: 3306
160725 11:26:23 [Note]   - '127.0.0.1' resolves to '127.0.0.1';
160725 11:26:23 [Note] Server socket created on IP: '127.0.0.1'.
160725 11:26:24 [Note] Event Scheduler: Loaded 0 events
160725 11:26:24 [Note] \usr\local\mysql-5.5\bin\mysqld.exe: ready for connections.
Version: '5.5.25'  socket: ''  port: 3306  MySQL Community Server (GPL)
160726 13:52:31 [Note] Plugin 'FEDERATED' is disabled.
160726 13:52:31 InnoDB: The InnoDB memory heap is disabled
160726 13:52:31 InnoDB: Mutexes and rw_locks use Windows interlocked functions
160726 13:52:31 InnoDB: Compressed tables use zlib 1.2.3
160726 13:52:32 InnoDB: Initializing buffer pool, size = 128.0M
160726 13:52:32 InnoDB: Completed initialization of buffer pool
160726 13:52:32 InnoDB: highest supported file format is Barracuda.
InnoDB: The log sequence number in ibdata files does not match
InnoDB: the log sequence number in the ib_logfiles!
160726 13:52:32  InnoDB: Database was not shut down normally!
InnoDB: Starting crash recovery.
InnoDB: Reading tablespace information from the .ibd files...
InnoDB: Restoring possible half-written data pages from the doublewrite
InnoDB: buffer...
160726 13:52:33  InnoDB: Waiting for the background threads to start
160726 13:52:34 InnoDB: 1.1.8 started; log sequence number 1599511
160726 13:52:34 [Note] Server hostname (bind-address): '127.0.0.1'; port: 3306
160726 13:52:34 [Note]   - '127.0.0.1' resolves to '127.0.0.1';
160726 13:52:34 [Note] Server socket created on IP: '127.0.0.1'.
160726 13:52:36 [Note] Event Scheduler: Loaded 0 events
160726 13:52:36 [Note] \usr\local\mysql-5.5\bin\mysqld.exe: ready for connections.
Version: '5.5.25'  socket: ''  port: 3306  MySQL Community Server (GPL)
160729  0:37:08 [Note] Plugin 'FEDERATED' is disabled.
160729  0:37:09 InnoDB: The InnoDB memory heap is disabled
160729  0:37:09 InnoDB: Mutexes and rw_locks use Windows interlocked functions
160729  0:37:09 InnoDB: Compressed tables use zlib 1.2.3
160729  0:37:09 InnoDB: Initializing buffer pool, size = 128.0M
160729  0:37:09 InnoDB: Completed initialization of buffer pool
160729  0:37:09 InnoDB: highest supported file format is Barracuda.
InnoDB: The log sequence number in ibdata files does not match
InnoDB: the log sequence number in the ib_logfiles!
160729  0:37:09  InnoDB: Database was not shut down normally!
InnoDB: Starting crash recovery.
InnoDB: Reading tablespace information from the .ibd files...
InnoDB: Restoring possible half-written data pages from the doublewrite
InnoDB: buffer...
160729  0:37:10  InnoDB: Waiting for the background threads to start
160729  0:37:11 InnoDB: 1.1.8 started; log sequence number 1599511
160729  0:37:11 [Note] Server hostname (bind-address): '127.0.0.1'; port: 3306
160729  0:37:11 [Note]   - '127.0.0.1' resolves to '127.0.0.1';
160729  0:37:11 [Note] Server socket created on IP: '127.0.0.1'.
160729  0:37:12 [Note] Event Scheduler: Loaded 0 events
160729  0:37:12 [Note] \usr\local\mysql-5.5\bin\mysqld.exe: ready for connections.
Version: '5.5.25'  socket: ''  port: 3306  MySQL Community Server (GPL)
160729 13:04:11 [Note] Plugin 'FEDERATED' is disabled.
160729 13:04:11 InnoDB: The InnoDB memory heap is disabled
160729 13:04:11 InnoDB: Mutexes and rw_locks use Windows interlocked functions
160729 13:04:11 InnoDB: Compressed tables use zlib 1.2.3
160729 13:04:11 InnoDB: Initializing buffer pool, size = 128.0M
160729 13:04:11 InnoDB: Completed initialization of buffer pool
160729 13:04:11 InnoDB: highest supported file format is Barracuda.
InnoDB: The log sequence number in ibdata files does not match
InnoDB: the log sequence number in the ib_logfiles!
160729 13:04:11  InnoDB: Database was not shut down normally!
InnoDB: Starting crash recovery.
InnoDB: Reading tablespace information from the .ibd files...
InnoDB: Restoring possible half-written data pages from the doublewrite
InnoDB: buffer...
160729 13:04:12  InnoDB: Waiting for the background threads to start
160729 13:04:13 InnoDB: 1.1.8 started; log sequence number 1599511
160729 13:04:13 [Note] Server hostname (bind-address): '127.0.0.1'; port: 3306
160729 13:04:13 [Note]   - '127.0.0.1' resolves to '127.0.0.1';
160729 13:04:13 [Note] Server socket created on IP: '127.0.0.1'.
160729 13:04:14 [Note] Event Scheduler: Loaded 0 events
160729 13:04:14 [Note] \usr\local\mysql-5.5\bin\mysqld.exe: ready for connections.
Version: '5.5.25'  socket: ''  port: 3306  MySQL Community Server (GPL)
160729 19:23:18 [Note] Plugin 'FEDERATED' is disabled.
160729 19:23:18 InnoDB: The InnoDB memory heap is disabled
160729 19:23:18 InnoDB: Mutexes and rw_locks use Windows interlocked functions
160729 19:23:18 InnoDB: Compressed tables use zlib 1.2.3
160729 19:23:18 InnoDB: Initializing buffer pool, size = 128.0M
160729 19:23:18 InnoDB: Completed initialization of buffer pool
160729 19:23:18 InnoDB: highest supported file format is Barracuda.
InnoDB: The log sequence number in ibdata files does not match
InnoDB: the log sequence number in the ib_logfiles!
160729 19:23:18  InnoDB: Database was not shut down normally!
InnoDB: Starting crash recovery.
InnoDB: Reading tablespace information from the .ibd files...
InnoDB: Restoring possible half-written data pages from the doublewrite
InnoDB: buffer...
160729 19:23:19  InnoDB: Waiting for the background threads to start
160729 19:23:20 InnoDB: 1.1.8 started; log sequence number 1599511
160729 19:23:20 [Note] Server hostname (bind-address): '127.0.0.1'; port: 3306
160729 19:23:20 [Note]   - '127.0.0.1' resolves to '127.0.0.1';
160729 19:23:20 [Note] Server socket created on IP: '127.0.0.1'.
160729 19:23:21 [Note] Event Scheduler: Loaded 0 events
160729 19:23:21 [Note] \usr\local\mysql-5.5\bin\mysqld.exe: ready for connections.
Version: '5.5.25'  socket: ''  port: 3306  MySQL Community Server (GPL)
160730 20:01:01 [Note] Plugin 'FEDERATED' is disabled.
160730 20:01:01 InnoDB: The InnoDB memory heap is disabled
160730 20:01:01 InnoDB: Mutexes and rw_locks use Windows interlocked functions
160730 20:01:01 InnoDB: Compressed tables use zlib 1.2.3
160730 20:01:01 InnoDB: Initializing buffer pool, size = 128.0M
160730 20:01:01 InnoDB: Completed initialization of buffer pool
160730 20:01:01 InnoDB: highest supported file format is Barracuda.
InnoDB: The log sequence number in ibdata files does not match
InnoDB: the log sequence number in the ib_logfiles!
160730 20:01:02  InnoDB: Database was not shut down normally!
InnoDB: Starting crash recovery.
InnoDB: Reading tablespace information from the .ibd files...
InnoDB: Restoring possible half-written data pages from the doublewrite
InnoDB: buffer...
160730 20:01:02  InnoDB: Waiting for the background threads to start
160730 20:01:03 InnoDB: 1.1.8 started; log sequence number 1599511
160730 20:01:03 [Note] Server hostname (bind-address): '127.0.0.1'; port: 3306
160730 20:01:03 [Note]   - '127.0.0.1' resolves to '127.0.0.1';
160730 20:01:03 [Note] Server socket created on IP: '127.0.0.1'.
160730 20:01:04 [Note] Event Scheduler: Loaded 0 events
160730 20:01:04 [Note] \usr\local\mysql-5.5\bin\mysqld.exe: ready for connections.
Version: '5.5.25'  socket: ''  port: 3306  MySQL Community Server (GPL)
160730 22:33:42 [Note] Plugin 'FEDERATED' is disabled.
160730 22:33:42 InnoDB: The InnoDB memory heap is disabled
160730 22:33:42 InnoDB: Mutexes and rw_locks use Windows interlocked functions
160730 22:33:42 InnoDB: Compressed tables use zlib 1.2.3
160730 22:33:42 InnoDB: Initializing buffer pool, size = 128.0M
160730 22:33:42 InnoDB: Completed initialization of buffer pool
160730 22:33:42 InnoDB: highest supported file format is Barracuda.
InnoDB: The log sequence number in ibdata files does not match
InnoDB: the log sequence number in the ib_logfiles!
160730 22:33:42  InnoDB: Database was not shut down normally!
InnoDB: Starting crash recovery.
InnoDB: Reading tablespace information from the .ibd files...
InnoDB: Restoring possible half-written data pages from the doublewrite
InnoDB: buffer...
160730 22:33:43  InnoDB: Waiting for the background threads to start
160730 22:33:44 InnoDB: 1.1.8 started; log sequence number 1599511
160730 22:33:44 [Note] Server hostname (bind-address): '127.0.0.1'; port: 3306
160730 22:33:44 [Note]   - '127.0.0.1' resolves to '127.0.0.1';
160730 22:33:44 [Note] Server socket created on IP: '127.0.0.1'.
160730 22:33:44 [Note] Event Scheduler: Loaded 0 events
160730 22:33:44 [Note] \usr\local\mysql-5.5\bin\mysqld.exe: ready for connections.
Version: '5.5.25'  socket: ''  port: 3306  MySQL Community Server (GPL)
160730 22:54:41 [Note] Plugin 'FEDERATED' is disabled.
160730 22:54:41 InnoDB: The InnoDB memory heap is disabled
160730 22:54:41 InnoDB: Mutexes and rw_locks use Windows interlocked functions
160730 22:54:41 InnoDB: Compressed tables use zlib 1.2.3
160730 22:54:41 InnoDB: Initializing buffer pool, size = 128.0M
160730 22:54:41 InnoDB: Completed initialization of buffer pool
160730 22:54:41 InnoDB: highest supported file format is Barracuda.
InnoDB: The log sequence number in ibdata files does not match
InnoDB: the log sequence number in the ib_logfiles!
160730 22:54:41  InnoDB: Database was not shut down normally!
InnoDB: Starting crash recovery.
InnoDB: Reading tablespace information from the .ibd files...
InnoDB: Restoring possible half-written data pages from the doublewrite
InnoDB: buffer...
160730 22:54:42  InnoDB: Waiting for the background threads to start
160730 22:54:43 InnoDB: 1.1.8 started; log sequence number 1599511
160730 22:54:43 [Note] Server hostname (bind-address): '127.0.0.1'; port: 3306
160730 22:54:43 [Note]   - '127.0.0.1' resolves to '127.0.0.1';
160730 22:54:43 [Note] Server socket created on IP: '127.0.0.1'.
160730 22:54:43 [Note] Event Scheduler: Loaded 0 events
160730 22:54:43 [Note] \usr\local\mysql-5.5\bin\mysqld.exe: ready for connections.
Version: '5.5.25'  socket: ''  port: 3306  MySQL Community Server (GPL)
160730 23:08:54 [Note] Plugin 'FEDERATED' is disabled.
160730 23:08:54 InnoDB: The InnoDB memory heap is disabled
160730 23:08:54 InnoDB: Mutexes and rw_locks use Windows interlocked functions
160730 23:08:54 InnoDB: Compressed tables use zlib 1.2.3
160730 23:08:54 InnoDB: Initializing buffer pool, size = 128.0M
160730 23:08:54 InnoDB: Completed initialization of buffer pool
160730 23:08:54 InnoDB: highest supported file format is Barracuda.
InnoDB: The log sequence number in ibdata files does not match
InnoDB: the log sequence number in the ib_logfiles!
160730 23:08:54  InnoDB: Database was not shut down normally!
InnoDB: Starting crash recovery.
InnoDB: Reading tablespace information from the .ibd files...
InnoDB: Restoring possible half-written data pages from the doublewrite
InnoDB: buffer...
160730 23:08:54  InnoDB: Waiting for the background threads to start
160730 23:08:55 InnoDB: 1.1.8 started; log sequence number 1599511
160730 23:08:55 [Note] Server hostname (bind-address): '127.0.0.1'; port: 3306
160730 23:08:55 [Note]   - '127.0.0.1' resolves to '127.0.0.1';
160730 23:08:55 [Note] Server socket created on IP: '127.0.0.1'.
160730 23:08:55 [Note] Event Scheduler: Loaded 0 events
160730 23:08:55 [Note] \usr\local\mysql-5.5\bin\mysqld.exe: ready for connections.
Version: '5.5.25'  socket: ''  port: 3306  MySQL Community Server (GPL)
160802 15:51:23 [Note] Plugin 'FEDERATED' is disabled.
160802 15:51:24 InnoDB: The InnoDB memory heap is disabled
160802 15:51:24 InnoDB: Mutexes and rw_locks use Windows interlocked functions
160802 15:51:24 InnoDB: Compressed tables use zlib 1.2.3
160802 15:51:24 InnoDB: Initializing buffer pool, size = 128.0M
160802 15:51:24 InnoDB: Completed initialization of buffer pool
160802 15:51:24 InnoDB: highest supported file format is Barracuda.
InnoDB: The log sequence number in ibdata files does not match
InnoDB: the log sequence number in the ib_logfiles!
160802 15:51:25  InnoDB: Database was not shut down normally!
InnoDB: Starting crash recovery.
InnoDB: Reading tablespace information from the .ibd files...
InnoDB: Restoring possible half-written data pages from the doublewrite
InnoDB: buffer...
160802 15:51:25  InnoDB: Waiting for the background threads to start
160802 15:51:26 InnoDB: 1.1.8 started; log sequence number 1599511
160802 15:51:26 [Note] Server hostname (bind-address): '127.0.0.1'; port: 3306
160802 15:51:26 [Note]   - '127.0.0.1' resolves to '127.0.0.1';
160802 15:51:26 [Note] Server socket created on IP: '127.0.0.1'.
160802 15:51:27 [Note] Event Scheduler: Loaded 0 events
160802 15:51:27 [Note] \usr\local\mysql-5.5\bin\mysqld.exe: ready for connections.
Version: '5.5.25'  socket: ''  port: 3306  MySQL Community Server (GPL)
160803 15:21:41 [Note] Plugin 'FEDERATED' is disabled.
160803 15:21:41 InnoDB: The InnoDB memory heap is disabled
160803 15:21:41 InnoDB: Mutexes and rw_locks use Windows interlocked functions
160803 15:21:41 InnoDB: Compressed tables use zlib 1.2.3
160803 15:21:41 InnoDB: Initializing buffer pool, size = 128.0M
160803 15:21:41 InnoDB: Completed initialization of buffer pool
160803 15:21:41 InnoDB: highest supported file format is Barracuda.
InnoDB: The log sequence number in ibdata files does not match
InnoDB: the log sequence number in the ib_logfiles!
160803 15:21:41  InnoDB: Database was not shut down normally!
InnoDB: Starting crash recovery.
InnoDB: Reading tablespace information from the .ibd files...
InnoDB: Restoring possible half-written data pages from the doublewrite
InnoDB: buffer...
160803 15:21:42  InnoDB: Waiting for the background threads to start
160803 15:21:43 InnoDB: 1.1.8 started; log sequence number 1599511
160803 15:21:43 [Note] Server hostname (bind-address): '127.0.0.1'; port: 3306
160803 15:21:43 [Note]   - '127.0.0.1' resolves to '127.0.0.1';
160803 15:21:43 [Note] Server socket created on IP: '127.0.0.1'.
160803 15:21:43 [Note] Event Scheduler: Loaded 0 events
160803 15:21:43 [Note] \usr\local\mysql-5.5\bin\mysqld.exe: ready for connections.
Version: '5.5.25'  socket: ''  port: 3306  MySQL Community Server (GPL)
160805 15:34:14 [Note] Plugin 'FEDERATED' is disabled.
160805 15:34:15 InnoDB: The InnoDB memory heap is disabled
160805 15:34:15 InnoDB: Mutexes and rw_locks use Windows interlocked functions
160805 15:34:15 InnoDB: Compressed tables use zlib 1.2.3
160805 15:34:15 InnoDB: Initializing buffer pool, size = 128.0M
160805 15:34:15 InnoDB: Completed initialization of buffer pool
160805 15:34:15 InnoDB: highest supported file format is Barracuda.
InnoDB: The log sequence number in ibdata files does not match
InnoDB: the log sequence number in the ib_logfiles!
160805 15:34:15  InnoDB: Database was not shut down normally!
InnoDB: Starting crash recovery.
InnoDB: Reading tablespace information from the .ibd files...
InnoDB: Restoring possible half-written data pages from the doublewrite
InnoDB: buffer...
160805 15:34:17  InnoDB: Waiting for the background threads to start
160805 15:34:18 InnoDB: 1.1.8 started; log sequence number 1599511
160805 15:34:19 [Note] Server hostname (bind-address): '127.0.0.1'; port: 3306
160805 15:34:19 [Note]   - '127.0.0.1' resolves to '127.0.0.1';
160805 15:34:19 [Note] Server socket created on IP: '127.0.0.1'.
160805 15:34:20 [Note] Event Scheduler: Loaded 0 events
160805 15:34:20 [Note] \usr\local\mysql-5.5\bin\mysqld.exe: ready for connections.
Version: '5.5.25'  socket: ''  port: 3306  MySQL Community Server (GPL)
160810 13:36:37 [Note] Plugin 'FEDERATED' is disabled.
160810 13:36:37 InnoDB: The InnoDB memory heap is disabled
160810 13:36:37 InnoDB: Mutexes and rw_locks use Windows interlocked functions
160810 13:36:37 InnoDB: Compressed tables use zlib 1.2.3
160810 13:36:37 InnoDB: Initializing buffer pool, size = 128.0M
160810 13:36:37 InnoDB: Completed initialization of buffer pool
160810 13:36:38 InnoDB: highest supported file format is Barracuda.
InnoDB: The log sequence number in ibdata files does not match
InnoDB: the log sequence number in the ib_logfiles!
160810 13:36:38  InnoDB: Database was not shut down normally!
InnoDB: Starting crash recovery.
InnoDB: Reading tablespace information from the .ibd files...
InnoDB: Restoring possible half-written data pages from the doublewrite
InnoDB: buffer...
160810 13:36:46  InnoDB: Waiting for the background threads to start
160810 13:36:47 InnoDB: 1.1.8 started; log sequence number 1599511
160810 13:36:48 [Note] Server hostname (bind-address): '127.0.0.1'; port: 3306
160810 13:36:48 [Note]   - '127.0.0.1' resolves to '127.0.0.1';
160810 13:36:48 [Note] Server socket created on IP: '127.0.0.1'.
160810 13:36:49 [Note] Event Scheduler: Loaded 0 events
160810 13:36:49 [Note] \usr\local\mysql-5.5\bin\mysqld.exe: ready for connections.
Version: '5.5.25'  socket: ''  port: 3306  MySQL Community Server (GPL)
160811 17:46:11 [Note] Plugin 'FEDERATED' is disabled.
160811 17:46:11 InnoDB: The InnoDB memory heap is disabled
160811 17:46:11 InnoDB: Mutexes and rw_locks use Windows interlocked functions
160811 17:46:11 InnoDB: Compressed tables use zlib 1.2.3
160811 17:46:11 InnoDB: Initializing buffer pool, size = 128.0M
160811 17:46:11 InnoDB: Completed initialization of buffer pool
160811 17:46:11 InnoDB: highest supported file format is Barracuda.
InnoDB: The log sequence number in ibdata files does not match
InnoDB: the log sequence number in the ib_logfiles!
160811 17:46:11  InnoDB: Database was not shut down normally!
InnoDB: Starting crash recovery.
InnoDB: Reading tablespace information from the .ibd files...
InnoDB: Restoring possible half-written data pages from the doublewrite
InnoDB: buffer...
160811 17:46:12  InnoDB: Waiting for the background threads to start
160811 17:46:13 InnoDB: 1.1.8 started; log sequence number 1599511
160811 17:46:13 [Note] Server hostname (bind-address): '127.0.0.1'; port: 3306
160811 17:46:13 [Note]   - '127.0.0.1' resolves to '127.0.0.1';
160811 17:46:13 [Note] Server socket created on IP: '127.0.0.1'.
160811 17:46:15 [Note] Event Scheduler: Loaded 0 events
160811 17:46:15 [Note] \usr\local\mysql-5.5\bin\mysqld.exe: ready for connections.
Version: '5.5.25'  socket: ''  port: 3306  MySQL Community Server (GPL)
160903  0:41:55 [Note] Plugin 'FEDERATED' is disabled.
160903  0:41:56 InnoDB: The InnoDB memory heap is disabled
160903  0:41:56 InnoDB: Mutexes and rw_locks use Windows interlocked functions
160903  0:41:56 InnoDB: Compressed tables use zlib 1.2.3
160903  0:41:57 InnoDB: Initializing buffer pool, size = 128.0M
160903  0:41:57 InnoDB: Completed initialization of buffer pool
160903  0:41:58 InnoDB: highest supported file format is Barracuda.
InnoDB: The log sequence number in ibdata files does not match
InnoDB: the log sequence number in the ib_logfiles!
160903  0:41:59  InnoDB: Database was not shut down normally!
InnoDB: Starting crash recovery.
InnoDB: Reading tablespace information from the .ibd files...
InnoDB: Restoring possible half-written data pages from the doublewrite
InnoDB: buffer...
160903  0:42:01  InnoDB: Waiting for the background threads to start
160903  0:42:02 InnoDB: 1.1.8 started; log sequence number 1599511
160903  0:42:02 [Note] Server hostname (bind-address): '127.0.0.1'; port: 3306
160903  0:42:02 [Note]   - '127.0.0.1' resolves to '127.0.0.1';
160903  0:42:02 [Note] Server socket created on IP: '127.0.0.1'.
160903  0:42:04 [Note] Event Scheduler: Loaded 0 events
160903  0:42:04 [Note] \usr\local\mysql-5.5\bin\mysqld.exe: ready for connections.
Version: '5.5.25'  socket: ''  port: 3306  MySQL Community Server (GPL)
160909 19:13:26 [Note] Plugin 'FEDERATED' is disabled.
160909 19:13:26 InnoDB: The InnoDB memory heap is disabled
160909 19:13:26 InnoDB: Mutexes and rw_locks use Windows interlocked functions
160909 19:13:26 InnoDB: Compressed tables use zlib 1.2.3
160909 19:13:26 InnoDB: Initializing buffer pool, size = 128.0M
160909 19:13:26 InnoDB: Completed initialization of buffer pool
160909 19:13:26 InnoDB: highest supported file format is Barracuda.
InnoDB: The log sequence number in ibdata files does not match
InnoDB: the log sequence number in the ib_logfiles!
160909 19:13:26  InnoDB: Database was not shut down normally!
InnoDB: Starting crash recovery.
InnoDB: Reading tablespace information from the .ibd files...
InnoDB: Restoring possible half-written data pages from the doublewrite
InnoDB: buffer...
160909 19:13:27  InnoDB: Waiting for the background threads to start
160909 19:13:28 InnoDB: 1.1.8 started; log sequence number 1599511
160909 19:13:28 [Note] Server hostname (bind-address): '127.0.0.1'; port: 3306
160909 19:13:28 [Note]   - '127.0.0.1' resolves to '127.0.0.1';
160909 19:13:28 [Note] Server socket created on IP: '127.0.0.1'.
160909 19:13:29 [Note] Event Scheduler: Loaded 0 events
160909 19:13:29 [Note] \usr\local\mysql-5.5\bin\mysqld.exe: ready for connections.
Version: '5.5.25'  socket: ''  port: 3306  MySQL Community Server (GPL)
160910 18:48:25 [Note] Plugin 'FEDERATED' is disabled.
160910 18:48:25 InnoDB: The InnoDB memory heap is disabled
160910 18:48:25 InnoDB: Mutexes and rw_locks use Windows interlocked functions
160910 18:48:25 InnoDB: Compressed tables use zlib 1.2.3
160910 18:48:25 InnoDB: Initializing buffer pool, size = 128.0M
160910 18:48:25 InnoDB: Completed initialization of buffer pool
160910 18:48:25 InnoDB: highest supported file format is Barracuda.
InnoDB: The log sequence number in ibdata files does not match
InnoDB: the log sequence number in the ib_logfiles!
160910 18:48:25  InnoDB: Database was not shut down normally!
InnoDB: Starting crash recovery.
InnoDB: Reading tablespace information from the .ibd files...
InnoDB: Restoring possible half-written data pages from the doublewrite
InnoDB: buffer...
160910 18:48:26  InnoDB: Waiting for the background threads to start
160910 18:48:27 InnoDB: 1.1.8 started; log sequence number 1599511
160910 18:48:27 [Note] Server hostname (bind-address): '127.0.0.1'; port: 3306
160910 18:48:27 [Note]   - '127.0.0.1' resolves to '127.0.0.1';
160910 18:48:27 [Note] Server socket created on IP: '127.0.0.1'.
160910 18:48:27 [Note] Event Scheduler: Loaded 0 events
160910 18:48:27 [Note] \usr\local\mysql-5.5\bin\mysqld.exe: ready for connections.
Version: '5.5.25'  socket: ''  port: 3306  MySQL Community Server (GPL)
160910 18:57:09 [Note] Plugin 'FEDERATED' is disabled.
160910 18:57:09 InnoDB: The InnoDB memory heap is disabled
160910 18:57:09 InnoDB: Mutexes and rw_locks use Windows interlocked functions
160910 18:57:09 InnoDB: Compressed tables use zlib 1.2.3
160910 18:57:09 InnoDB: Initializing buffer pool, size = 128.0M
160910 18:57:09 InnoDB: Completed initialization of buffer pool
160910 18:57:09 InnoDB: highest supported file format is Barracuda.
InnoDB: The log sequence number in ibdata files does not match
InnoDB: the log sequence number in the ib_logfiles!
160910 18:57:09  InnoDB: Database was not shut down normally!
InnoDB: Starting crash recovery.
InnoDB: Reading tablespace information from the .ibd files...
InnoDB: Restoring possible half-written data pages from the doublewrite
InnoDB: buffer...
160910 18:57:10  InnoDB: Waiting for the background threads to start
160910 18:57:11 InnoDB: 1.1.8 started; log sequence number 1599511
160910 18:57:11 [Note] Server hostname (bind-address): '127.0.0.1'; port: 3306
160910 18:57:11 [Note]   - '127.0.0.1' resolves to '127.0.0.1';
160910 18:57:11 [Note] Server socket created on IP: '127.0.0.1'.
160910 18:57:11 [Note] Event Scheduler: Loaded 0 events
160910 18:57:11 [Note] \usr\local\mysql-5.5\bin\mysqld.exe: ready for connections.
Version: '5.5.25'  socket: ''  port: 3306  MySQL Community Server (GPL)
161004 13:53:39 [Note] Plugin 'FEDERATED' is disabled.
161004 13:53:40 InnoDB: The InnoDB memory heap is disabled
161004 13:53:40 InnoDB: Mutexes and rw_locks use Windows interlocked functions
161004 13:53:40 InnoDB: Compressed tables use zlib 1.2.3
161004 13:53:40 InnoDB: Initializing buffer pool, size = 128.0M
161004 13:53:40 InnoDB: Completed initialization of buffer pool
161004 13:53:40 InnoDB: highest supported file format is Barracuda.
InnoDB: The log sequence number in ibdata files does not match
InnoDB: the log sequence number in the ib_logfiles!
161004 13:53:40  InnoDB: Database was not shut down normally!
InnoDB: Starting crash recovery.
InnoDB: Reading tablespace information from the .ibd files...
InnoDB: Restoring possible half-written data pages from the doublewrite
InnoDB: buffer...
161004 13:53:41  InnoDB: Waiting for the background threads to start
161004 13:53:42 InnoDB: 1.1.8 started; log sequence number 1599511
161004 13:53:42 [Note] Server hostname (bind-address): '127.0.0.1'; port: 3306
161004 13:53:42 [Note]   - '127.0.0.1' resolves to '127.0.0.1';
161004 13:53:42 [Note] Server socket created on IP: '127.0.0.1'.
161004 13:53:43 [Note] Event Scheduler: Loaded 0 events
161004 13:53:43 [Note] \usr\local\mysql-5.5\bin\mysqld.exe: ready for connections.
Version: '5.5.25'  socket: ''  port: 3306  MySQL Community Server (GPL)
161004 16:42:43 [Note] Plugin 'FEDERATED' is disabled.
161004 16:42:45 InnoDB: The InnoDB memory heap is disabled
161004 16:42:45 InnoDB: Mutexes and rw_locks use Windows interlocked functions
161004 16:42:45 InnoDB: Compressed tables use zlib 1.2.3
161004 16:42:45 InnoDB: Initializing buffer pool, size = 128.0M
161004 16:42:45 InnoDB: Completed initialization of buffer pool
161004 16:42:46 InnoDB: highest supported file format is Barracuda.
InnoDB: The log sequence number in ibdata files does not match
InnoDB: the log sequence number in the ib_logfiles!
161004 16:42:46  InnoDB: Database was not shut down normally!
InnoDB: Starting crash recovery.
InnoDB: Reading tablespace information from the .ibd files...
InnoDB: Restoring possible half-written data pages from the doublewrite
InnoDB: buffer...
161004 16:42:52  InnoDB: Waiting for the background threads to start
161004 16:42:53 InnoDB: 1.1.8 started; log sequence number 1599511
161004 16:42:53 [Note] Server hostname (bind-address): '127.0.0.1'; port: 3306
161004 16:42:53 [Note]   - '127.0.0.1' resolves to '127.0.0.1';
161004 16:42:53 [Note] Server socket created on IP: '127.0.0.1'.
161004 16:42:54 [Note] Event Scheduler: Loaded 0 events
161004 16:42:54 [Note] \usr\local\mysql-5.5\bin\mysqld.exe: ready for connections.
Version: '5.5.25'  socket: ''  port: 3306  MySQL Community Server (GPL)
161120 21:35:16 [Note] Plugin 'FEDERATED' is disabled.
161120 21:35:16 InnoDB: The InnoDB memory heap is disabled
161120 21:35:16 InnoDB: Mutexes and rw_locks use Windows interlocked functions
161120 21:35:16 InnoDB: Compressed tables use zlib 1.2.3
161120 21:35:16 InnoDB: Initializing buffer pool, size = 128.0M
161120 21:35:16 InnoDB: Completed initialization of buffer pool
161120 21:35:17 InnoDB: highest supported file format is Barracuda.
InnoDB: The log sequence number in ibdata files does not match
InnoDB: the log sequence number in the ib_logfiles!
161120 21:35:17  InnoDB: Database was not shut down normally!
InnoDB: Starting crash recovery.
InnoDB: Reading tablespace information from the .ibd files...
InnoDB: Restoring possible half-written data pages from the doublewrite
InnoDB: buffer...
161120 21:35:18  InnoDB: Waiting for the background threads to start
161120 21:35:19 InnoDB: 1.1.8 started; log sequence number 1599511
161120 21:35:19 [Note] Server hostname (bind-address): '127.0.0.1'; port: 3306
161120 21:35:19 [Note]   - '127.0.0.1' resolves to '127.0.0.1';
161120 21:35:19 [Note] Server socket created on IP: '127.0.0.1'.
161120 21:35:20 [Note] Event Scheduler: Loaded 0 events
161120 21:35:20 [Note] \usr\local\mysql-5.5\bin\mysqld.exe: ready for connections.
Version: '5.5.25'  socket: ''  port: 3306  MySQL Community Server (GPL)
161121 15:44:39 [Note] Plugin 'FEDERATED' is disabled.
161121 15:44:39 InnoDB: The InnoDB memory heap is disabled
161121 15:44:39 InnoDB: Mutexes and rw_locks use Windows interlocked functions
161121 15:44:39 InnoDB: Compressed tables use zlib 1.2.3
161121 15:44:39 InnoDB: Initializing buffer pool, size = 128.0M
161121 15:44:39 InnoDB: Completed initialization of buffer pool
161121 15:44:40 InnoDB: highest supported file format is Barracuda.
InnoDB: The log sequence number in ibdata files does not match
InnoDB: the log sequence number in the ib_logfiles!
161121 15:44:40  InnoDB: Database was not shut down normally!
InnoDB: Starting crash recovery.
InnoDB: Reading tablespace information from the .ibd files...
InnoDB: Restoring possible half-written data pages from the doublewrite
InnoDB: buffer...
161121 15:44:40  InnoDB: Waiting for the background threads to start
161121 15:44:41 InnoDB: 1.1.8 started; log sequence number 1599511
161121 15:44:41 [Note] Server hostname (bind-address): '127.0.0.1'; port: 3306
161121 15:44:41 [Note]   - '127.0.0.1' resolves to '127.0.0.1';
161121 15:44:41 [Note] Server socket created on IP: '127.0.0.1'.
161121 15:44:42 [Note] Event Scheduler: Loaded 0 events
161121 15:44:42 [Note] \usr\local\mysql-5.5\bin\mysqld.exe: ready for connections.
Version: '5.5.25'  socket: ''  port: 3306  MySQL Community Server (GPL)
161122 19:39:11 [Note] Plugin 'FEDERATED' is disabled.
161122 19:39:11 InnoDB: The InnoDB memory heap is disabled
161122 19:39:11 InnoDB: Mutexes and rw_locks use Windows interlocked functions
161122 19:39:11 InnoDB: Compressed tables use zlib 1.2.3
161122 19:39:11 InnoDB: Initializing buffer pool, size = 128.0M
161122 19:39:11 InnoDB: Completed initialization of buffer pool
161122 19:39:12 InnoDB: highest supported file format is Barracuda.
InnoDB: The log sequence number in ibdata files does not match
InnoDB: the log sequence number in the ib_logfiles!
161122 19:39:12  InnoDB: Database was not shut down normally!
InnoDB: Starting crash recovery.
InnoDB: Reading tablespace information from the .ibd files...
InnoDB: Restoring possible half-written data pages from the doublewrite
InnoDB: buffer...
161122 19:39:12  InnoDB: Waiting for the background threads to start
161122 19:39:13 InnoDB: 1.1.8 started; log sequence number 1599511
161122 19:39:14 [Note] Server hostname (bind-address): '127.0.0.1'; port: 3306
161122 19:39:14 [Note]   - '127.0.0.1' resolves to '127.0.0.1';
161122 19:39:14 [Note] Server socket created on IP: '127.0.0.1'.
161122 19:39:14 [Note] Event Scheduler: Loaded 0 events
161122 19:39:14 [Note] \usr\local\mysql-5.5\bin\mysqld.exe: ready for connections.
Version: '5.5.25'  socket: ''  port: 3306  MySQL Community Server (GPL)
161123 14:11:26 [Note] Plugin 'FEDERATED' is disabled.
161123 14:11:26 InnoDB: The InnoDB memory heap is disabled
161123 14:11:26 InnoDB: Mutexes and rw_locks use Windows interlocked functions
161123 14:11:26 InnoDB: Compressed tables use zlib 1.2.3
161123 14:11:26 InnoDB: Initializing buffer pool, size = 128.0M
161123 14:11:26 InnoDB: Completed initialization of buffer pool
161123 14:11:27 InnoDB: highest supported file format is Barracuda.
InnoDB: The log sequence number in ibdata files does not match
InnoDB: the log sequence number in the ib_logfiles!
161123 14:11:27  InnoDB: Database was not shut down normally!
InnoDB: Starting crash recovery.
InnoDB: Reading tablespace information from the .ibd files...
InnoDB: Restoring possible half-written data pages from the doublewrite
InnoDB: buffer...
161123 14:11:28  InnoDB: Waiting for the background threads to start
161123 14:11:29 InnoDB: 1.1.8 started; log sequence number 1614470
161123 14:11:29 [Note] Server hostname (bind-address): '127.0.0.1'; port: 3306
161123 14:11:29 [Note]   - '127.0.0.1' resolves to '127.0.0.1';
161123 14:11:29 [Note] Server socket created on IP: '127.0.0.1'.
161123 14:11:30 [Note] Event Scheduler: Loaded 0 events
161123 14:11:30 [Note] \usr\local\mysql-5.5\bin\mysqld.exe: ready for connections.
Version: '5.5.25'  socket: ''  port: 3306  MySQL Community Server (GPL)
161123 22:48:52 [Note] Plugin 'FEDERATED' is disabled.
161123 22:48:53 InnoDB: The InnoDB memory heap is disabled
161123 22:48:53 InnoDB: Mutexes and rw_locks use Windows interlocked functions
161123 22:48:53 InnoDB: Compressed tables use zlib 1.2.3
161123 22:48:53 InnoDB: Initializing buffer pool, size = 128.0M
161123 22:48:53 InnoDB: Completed initialization of buffer pool
161123 22:48:53 InnoDB: highest supported file format is Barracuda.
InnoDB: The log sequence number in ibdata files does not match
InnoDB: the log sequence number in the ib_logfiles!
161123 22:48:53  InnoDB: Database was not shut down normally!
InnoDB: Starting crash recovery.
InnoDB: Reading tablespace information from the .ibd files...
InnoDB: Restoring possible half-written data pages from the doublewrite
InnoDB: buffer...
161123 22:48:54  InnoDB: Waiting for the background threads to start
161123 22:48:55 InnoDB: 1.1.8 started; log sequence number 1618288
161123 22:48:55 [Note] Server hostname (bind-address): '127.0.0.1'; port: 3306
161123 22:48:55 [Note]   - '127.0.0.1' resolves to '127.0.0.1';
161123 22:48:55 [Note] Server socket created on IP: '127.0.0.1'.
161123 22:48:56 [Note] Event Scheduler: Loaded 0 events
161123 22:48:56 [Note] \usr\local\mysql-5.5\bin\mysqld.exe: ready for connections.
Version: '5.5.25'  socket: ''  port: 3306  MySQL Community Server (GPL)
161125 13:36:11 [Note] Plugin 'FEDERATED' is disabled.
161125 13:36:12 InnoDB: The InnoDB memory heap is disabled
161125 13:36:12 InnoDB: Mutexes and rw_locks use Windows interlocked functions
161125 13:36:12 InnoDB: Compressed tables use zlib 1.2.3
161125 13:36:12 InnoDB: Initializing buffer pool, size = 128.0M
161125 13:36:12 InnoDB: Completed initialization of buffer pool
161125 13:36:12 InnoDB: highest supported file format is Barracuda.
InnoDB: The log sequence number in ibdata files does not match
InnoDB: the log sequence number in the ib_logfiles!
161125 13:36:12  InnoDB: Database was not shut down normally!
InnoDB: Starting crash recovery.
InnoDB: Reading tablespace information from the .ibd files...
InnoDB: Restoring possible half-written data pages from the doublewrite
InnoDB: buffer...
161125 13:36:13  InnoDB: Waiting for the background threads to start
161125 13:36:14 InnoDB: 1.1.8 started; log sequence number 1618399
161125 13:36:14 [Note] Server hostname (bind-address): '127.0.0.1'; port: 3306
161125 13:36:14 [Note]   - '127.0.0.1' resolves to '127.0.0.1';
161125 13:36:14 [Note] Server socket created on IP: '127.0.0.1'.
161125 13:36:14 [Note] Event Scheduler: Loaded 0 events
161125 13:36:14 [Note] \usr\local\mysql-5.5\bin\mysqld.exe: ready for connections.
Version: '5.5.25'  socket: ''  port: 3306  MySQL Community Server (GPL)
161126 12:34:10 [Note] Plugin 'FEDERATED' is disabled.
161126 12:34:10 InnoDB: The InnoDB memory heap is disabled
161126 12:34:10 InnoDB: Mutexes and rw_locks use Windows interlocked functions
161126 12:34:10 InnoDB: Compressed tables use zlib 1.2.3
161126 12:34:10 InnoDB: Initializing buffer pool, size = 128.0M
161126 12:34:10 InnoDB: Completed initialization of buffer pool
161126 12:34:10 InnoDB: highest supported file format is Barracuda.
InnoDB: The log sequence number in ibdata files does not match
InnoDB: the log sequence number in the ib_logfiles!
161126 12:34:10  InnoDB: Database was not shut down normally!
InnoDB: Starting crash recovery.
InnoDB: Reading tablespace information from the .ibd files...
InnoDB: Restoring possible half-written data pages from the doublewrite
InnoDB: buffer...
161126 12:34:13  InnoDB: Waiting for the background threads to start
161126 12:34:14 InnoDB: 1.1.8 started; log sequence number 1619258
161126 12:34:14 [Note] Server hostname (bind-address): '127.0.0.1'; port: 3306
161126 12:34:14 [Note]   - '127.0.0.1' resolves to '127.0.0.1';
161126 12:34:14 [Note] Server socket created on IP: '127.0.0.1'.
161126 12:34:15 [Note] Event Scheduler: Loaded 0 events
161126 12:34:15 [Note] \usr\local\mysql-5.5\bin\mysqld.exe: ready for connections.
Version: '5.5.25'  socket: ''  port: 3306  MySQL Community Server (GPL)
161127 16:07:36 [Note] Plugin 'FEDERATED' is disabled.
161127 16:07:37 InnoDB: The InnoDB memory heap is disabled
161127 16:07:37 InnoDB: Mutexes and rw_locks use Windows interlocked functions
161127 16:07:37 InnoDB: Compressed tables use zlib 1.2.3
161127 16:07:37 InnoDB: Initializing buffer pool, size = 128.0M
161127 16:07:37 InnoDB: Completed initialization of buffer pool
161127 16:07:37 InnoDB: highest supported file format is Barracuda.
InnoDB: The log sequence number in ibdata files does not match
InnoDB: the log sequence number in the ib_logfiles!
161127 16:07:37  InnoDB: Database was not shut down normally!
InnoDB: Starting crash recovery.
InnoDB: Reading tablespace information from the .ibd files...
InnoDB: Restoring possible half-written data pages from the doublewrite
InnoDB: buffer...
161127 16:07:38  InnoDB: Waiting for the background threads to start
161127 16:07:39 InnoDB: 1.1.8 started; log sequence number 1619258
161127 16:07:39 [Note] Server hostname (bind-address): '127.0.0.1'; port: 3306
161127 16:07:39 [Note]   - '127.0.0.1' resolves to '127.0.0.1';
161127 16:07:39 [Note] Server socket created on IP: '127.0.0.1'.
161127 16:07:40 [Note] Event Scheduler: Loaded 0 events
161127 16:07:40 [Note] \usr\local\mysql-5.5\bin\mysqld.exe: ready for connections.
Version: '5.5.25'  socket: ''  port: 3306  MySQL Community Server (GPL)
161128 16:36:49 [Note] Plugin 'FEDERATED' is disabled.
161128 16:36:49 InnoDB: The InnoDB memory heap is disabled
161128 16:36:49 InnoDB: Mutexes and rw_locks use Windows interlocked functions
161128 16:36:49 InnoDB: Compressed tables use zlib 1.2.3
161128 16:36:49 InnoDB: Initializing buffer pool, size = 128.0M
161128 16:36:49 InnoDB: Completed initialization of buffer pool
161128 16:36:50 InnoDB: highest supported file format is Barracuda.
InnoDB: The log sequence number in ibdata files does not match
InnoDB: the log sequence number in the ib_logfiles!
161128 16:36:50  InnoDB: Database was not shut down normally!
InnoDB: Starting crash recovery.
InnoDB: Reading tablespace information from the .ibd files...
InnoDB: Restoring possible half-written data pages from the doublewrite
InnoDB: buffer...
161128 16:36:50  InnoDB: Waiting for the background threads to start
161128 16:36:51 InnoDB: 1.1.8 started; log sequence number 1619258
161128 16:36:51 [Note] Server hostname (bind-address): '127.0.0.1'; port: 3306
161128 16:36:51 [Note]   - '127.0.0.1' resolves to '127.0.0.1';
161128 16:36:51 [Note] Server socket created on IP: '127.0.0.1'.
161128 16:36:52 [Note] Event Scheduler: Loaded 0 events
161128 16:36:52 [Note] \usr\local\mysql-5.5\bin\mysqld.exe: ready for connections.
Version: '5.5.25'  socket: ''  port: 3306  MySQL Community Server (GPL)
161129 14:25:21 [Note] Plugin 'FEDERATED' is disabled.
161129 14:25:21 InnoDB: The InnoDB memory heap is disabled
161129 14:25:21 InnoDB: Mutexes and rw_locks use Windows interlocked functions
161129 14:25:21 InnoDB: Compressed tables use zlib 1.2.3
161129 14:25:21 InnoDB: Initializing buffer pool, size = 128.0M
161129 14:25:21 InnoDB: Completed initialization of buffer pool
161129 14:25:21 InnoDB: highest supported file format is Barracuda.
InnoDB: The log sequence number in ibdata files does not match
InnoDB: the log sequence number in the ib_logfiles!
161129 14:25:22  InnoDB: Database was not shut down normally!
InnoDB: Starting crash recovery.
InnoDB: Reading tablespace information from the .ibd files...
InnoDB: Restoring possible half-written data pages from the doublewrite
InnoDB: buffer...
161129 14:25:23  InnoDB: Waiting for the background threads to start
161129 14:25:24 InnoDB: 1.1.8 started; log sequence number 1619258
161129 14:25:24 [Note] Server hostname (bind-address): '127.0.0.1'; port: 3306
161129 14:25:24 [Note]   - '127.0.0.1' resolves to '127.0.0.1';
161129 14:25:24 [Note] Server socket created on IP: '127.0.0.1'.
161129 14:25:25 [Note] Event Scheduler: Loaded 0 events
161129 14:25:25 [Note] \usr\local\mysql-5.5\bin\mysqld.exe: ready for connections.
Version: '5.5.25'  socket: ''  port: 3306  MySQL Community Server (GPL)
161130 13:16:13 [Note] Plugin 'FEDERATED' is disabled.
161130 13:16:13 InnoDB: The InnoDB memory heap is disabled
161130 13:16:13 InnoDB: Mutexes and rw_locks use Windows interlocked functions
161130 13:16:13 InnoDB: Compressed tables use zlib 1.2.3
161130 13:16:13 InnoDB: Initializing buffer pool, size = 128.0M
161130 13:16:14 InnoDB: Completed initialization of buffer pool
161130 13:16:14 InnoDB: highest supported file format is Barracuda.
InnoDB: The log sequence number in ibdata files does not match
InnoDB: the log sequence number in the ib_logfiles!
161130 13:16:14  InnoDB: Database was not shut down normally!
InnoDB: Starting crash recovery.
InnoDB: Reading tablespace information from the .ibd files...
InnoDB: Restoring possible half-written data pages from the doublewrite
InnoDB: buffer...
161130 13:16:15  InnoDB: Waiting for the background threads to start
161130 13:16:16 InnoDB: 1.1.8 started; log sequence number 1619258
161130 13:16:16 [Note] Server hostname (bind-address): '127.0.0.1'; port: 3306
161130 13:16:16 [Note]   - '127.0.0.1' resolves to '127.0.0.1';
161130 13:16:16 [Note] Server socket created on IP: '127.0.0.1'.
161130 13:16:16 [Note] Event Scheduler: Loaded 0 events
161130 13:16:16 [Note] \usr\local\mysql-5.5\bin\mysqld.exe: ready for connections.
Version: '5.5.25'  socket: ''  port: 3306  MySQL Community Server (GPL)
